# JRE version: Java(TM) SE Runtime Environment (8.0_65-b17) (build 1.8.0_65-b17)
# Java VM: Java HotSpot(TM) 64-Bit Server VM (25.65-b01 mixed mode linux-amd64 compressed oops)
Heap:
 PSYoungGen      total 104960K, used 7136K [0x00000000f0600000, 0x00000000f7400000, 0x0000000100000000)
  eden space 97792K, 0% used [0x00000000f0600000,0x00000000f0600000,0x00000000f6580000)
  from space 7168K, 99% used [0x00000000f6580000,0x00000000f6c78040,0x00000000f6c80000)
  to   space 6656K, 0% used [0x00000000f6c80000,0x00000000f6c80000,0x00000000f7300000)
 ParOldGen       total 32768K, used 15602K [0x00000000d1200000, 0x00000000d3200000, 0x00000000f0600000)
  object space 32768K, 47% used [0x00000000d1200000,0x00000000d213c910,0x00000000d3200000)
 Metaspace       used 20758K, capacity 21250K, committed 21296K, reserved 1069056K
  class space    used 2443K, capacity 2594K, committed 2608K, reserved 1048576K
GC Heap History (10 events):
Event: 2,045 GC heap after
Heap after GC invocations=2 (full 0):
 PSYoungGen      total 26624K, used 1979K [0x00000000f0600000, 0x00000000f2200000, 0x0000000100000000)
  eden space 24576K, 0% used [0x00000000f0600000,0x00000000f0600000,0x00000000f1e00000)
  from space 2048K, 96% used [0x00000000f2000000,0x00000000f21eee38,0x00000000f2200000)
  to   space 2048K, 0% used [0x00000000f1e00000,0x00000000f1e00000,0x00000000f2000000)
 ParOldGen       total 32768K, used 869K [0x00000000d1200000, 0x00000000d3200000, 0x00000000f0600000)
  object space 32768K, 2% used [0x00000000d1200000,0x00000000d12d9778,0x00000000d3200000)
 Metaspace       used 6932K, capacity 7112K, committed 7424K, reserved 1056768K
  class space    used 865K, capacity 924K, committed 1024K, reserved 1048576K
}
Event: 3,726 GC heap before
{Heap before GC invocations=3 (full 0):
 PSYoungGen      total 26624K, used 26555K [0x00000000f0600000, 0x00000000f2200000, 0x0000000100000000)
  eden space 24576K, 100% used [0x00000000f0600000,0x00000000f1e00000,0x00000000f1e00000)
  from space 2048K, 96% used [0x00000000f2000000,0x00000000f21eee38,0x00000000f2200000)
  to   space 2048K, 0% used [0x00000000f1e00000,0x00000000f1e00000,0x00000000f2000000)
 ParOldGen       total 32768K, used 869K [0x00000000d1200000, 0x00000000d3200000, 0x00000000f0600000)
  object space 32768K, 2% used [0x00000000d1200000,0x00000000d12d9778,0x00000000d3200000)
 Metaspace       used 9760K, capacity 10024K, committed 10368K, reserved 1058816K
  class space    used 1242K, capacity 1313K, committed 1408K, reserved 1048576K
Event: 3,744 GC heap after
Heap after GC invocations=3 (full 0):
 PSYoungGen      total 26624K, used 2048K [0x00000000f0600000, 0x00000000f3a00000, 0x0000000100000000)
  eden space 24576K, 0% used [0x00000000f0600000,0x00000000f0600000,0x00000000f1e00000)
  from space 2048K, 100% used [0x00000000f1e00000,0x00000000f2000000,0x00000000f2000000)
  to   space 2048K, 0% used [0x00000000f3800000,0x00000000f3800000,0x00000000f3a00000)
 ParOldGen       total 32768K, used 3657K [0x00000000d1200000, 0x00000000d3200000, 0x00000000f0600000)
  object space 32768K, 11% used [0x00000000d1200000,0x00000000d1592420,0x00000000d3200000)
 Metaspace       used 9760K, capacity 10024K, committed 10368K, reserved 1058816K
  class space    used 1242K, capacity 1313K, committed 1408K, reserved 1048576K
}
Event: 6,193 GC heap before
{Heap before GC invocations=4 (full 0):
 PSYoungGen      total 26624K, used 26624K [0x00000000f0600000, 0x00000000f3a00000, 0x0000000100000000)
  eden space 24576K, 100% used [0x00000000f0600000,0x00000000f1e00000,0x00000000f1e00000)
  from space 2048K, 100% used [0x00000000f1e00000,0x00000000f2000000,0x00000000f2000000)
  to   space 2048K, 0% used [0x00000000f3800000,0x00000000f3800000,0x00000000f3a00000)
 ParOldGen       total 32768K, used 3657K [0x00000000d1200000, 0x00000000d3200000, 0x00000000f0600000)
  object space 32768K, 11% used [0x00000000d1200000,0x00000000d1592420,0x00000000d3200000)
 Metaspace       used 13205K, capacity 13540K, committed 13824K, reserved 1060864K
  class space    used 1615K, capacity 1696K, committed 1792K, reserved 1048576K
Event: 6,295 GC heap after
Heap after GC invocations=4 (full 0):
 PSYoungGen      total 51200K, used 2032K [0x00000000f0600000, 0x00000000f3a00000, 0x0000000100000000)
  eden space 49152K, 0% used [0x00000000f0600000,0x00000000f0600000,0x00000000f3600000)
  from space 2048K, 99% used [0x00000000f3800000,0x00000000f39fc010,0x00000000f3a00000)
  to   space 2048K, 0% used [0x00000000f3600000,0x00000000f3600000,0x00000000f3800000)
 ParOldGen       total 32768K, used 7406K [0x00000000d1200000, 0x00000000d3200000, 0x00000000f0600000)
  object space 32768K, 22% used [0x00000000d1200000,0x00000000d193ba70,0x00000000d3200000)
 Metaspace       used 13205K, capacity 13540K, committed 13824K, reserved 1060864K
  class space    used 1615K, capacity 1696K, committed 1792K, reserved 1048576K
}
Event: 8,857 GC heap before
{Heap before GC invocations=5 (full 0):
 PSYoungGen      total 51200K, used 51184K [0x00000000f0600000, 0x00000000f3a00000, 0x0000000100000000)
  eden space 49152K, 100% used [0x00000000f0600000,0x00000000f3600000,0x00000000f3600000)
  from space 2048K, 99% used [0x00000000f3800000,0x00000000f39fc010,0x00000000f3a00000)
  to   space 2048K, 0% used [0x00000000f3600000,0x00000000f3600000,0x00000000f3800000)
 ParOldGen       total 32768K, used 7406K [0x00000000d1200000, 0x00000000d3200000, 0x00000000f0600000)
  object space 32768K, 22% used [0x00000000d1200000,0x00000000d193ba70,0x00000000d3200000)
 Metaspace       used 14002K, capacity 14432K, committed 14720K, reserved 1062912K
  class space    used 1693K, capacity 1838K, committed 1920K, reserved 1048576K
Event: 8,884 GC heap after
Heap after GC invocations=5 (full 0):
 PSYoungGen      total 51200K, used 2016K [0x00000000f0600000, 0x00000000f7300000, 0x0000000100000000)
  eden space 49152K, 0% used [0x00000000f0600000,0x00000000f0600000,0x00000000f3600000)
  from space 2048K, 98% used [0x00000000f3600000,0x00000000f37f8020,0x00000000f3800000)
  to   space 6656K, 0% used [0x00000000f6c80000,0x00000000f6c80000,0x00000000f7300000)
 ParOldGen       total 32768K, used 9849K [0x00000000d1200000, 0x00000000d3200000, 0x00000000f0600000)
  object space 32768K, 30% used [0x00000000d1200000,0x00000000d1b9e4b8,0x00000000d3200000)
 Metaspace       used 14002K, capacity 14432K, committed 14720K, reserved 1062912K
  class space    used 1693K, capacity 1838K, committed 1920K, reserved 1048576K
}
Event: 10,446 GC heap before
{Heap before GC invocations=6 (full 0):
 PSYoungGen      total 51200K, used 51168K [0x00000000f0600000, 0x00000000f7300000, 0x0000000100000000)
  eden space 49152K, 100% used [0x00000000f0600000,0x00000000f3600000,0x00000000f3600000)
  from space 2048K, 98% used [0x00000000f3600000,0x00000000f37f8020,0x00000000f3800000)
  to   space 6656K, 0% used [0x00000000f6c80000,0x00000000f6c80000,0x00000000f7300000)
 ParOldGen       total 32768K, used 9849K [0x00000000d1200000, 0x00000000d3200000, 0x00000000f0600000)
  object space 32768K, 30% used [0x00000000d1200000,0x00000000d1b9e4b8,0x00000000d3200000)
 Metaspace       used 18028K, capacity 18532K, committed 18816K, reserved 1064960K
  class space    used 2201K, capacity 2334K, committed 2432K, reserved 1048576K
Event: 10,488 GC heap after
Heap after GC invocations=6 (full 0):
 PSYoungGen      total 104448K, used 4921K [0x00000000f0600000, 0x00000000f7400000, 0x0000000100000000)
  eden space 97792K, 0% used [0x00000000f0600000,0x00000000f0600000,0x00000000f6580000)
  from space 6656K, 73% used [0x00000000f6c80000,0x00000000f714e6b8,0x00000000f7300000)
  to   space 7168K, 0% used [0x00000000f6580000,0x00000000f6580000,0x00000000f6c80000)
 ParOldGen       total 32768K, used 9857K [0x00000000d1200000, 0x00000000d3200000, 0x00000000f0600000)
  object space 32768K, 30% used [0x00000000d1200000,0x00000000d1ba04b8,0x00000000d3200000)
 Metaspace       used 18028K, capacity 18532K, committed 18816K, reserved 1064960K
  class space    used 2201K, capacity 2334K, committed 2432K, reserved 1048576K
}
Event: 16,511 GC heap before
{Heap before GC invocations=7 (full 0):
 PSYoungGen      total 104448K, used 89978K [0x00000000f0600000, 0x00000000f7400000, 0x0000000100000000)
  eden space 97792K, 86% used [0x00000000f0600000,0x00000000f5910520,0x00000000f6580000)
  from space 6656K, 73% used [0x00000000f6c80000,0x00000000f714e6b8,0x00000000f7300000)
  to   space 7168K, 0% used [0x00000000f6580000,0x00000000f6580000,0x00000000f6c80000)
 ParOldGen       total 32768K, used 9857K [0x00000000d1200000, 0x00000000d3200000, 0x00000000f0600000)
  object space 32768K, 30% used [0x00000000d1200000,0x00000000d1ba04b8,0x00000000d3200000)
 Metaspace       used 20758K, capacity 21250K, committed 21296K, reserved 1069056K
  class space    used 2443K, capacity 2594K, committed 2608K, reserved 1048576K

